E:\Computer Graphics for Games\CGG(1)\CGG\\bin\win64\Debug\CGG_Week8.exe
E:\Computer Graphics for Games\CGG(1)\CGG\\bin\win64\Debug\CGG_Week8.ilk
E:\Computer Graphics for Games\CGG(1)\CGG\\bin\win64\Debug\CGG_Week8.pdb
E:\COMPUTER GRAPHICS FOR GAMES\CGG(1)\CGG\BIN\WIN64\DEBUG\CGG_WEEK8.EXE
E:\COMPUTER GRAPHICS FOR GAMES\CGG(1)\CGG\BIN\WIN64\DEBUG\CGG_WEEK8.ILK
E:\COMPUTER GRAPHICS FOR GAMES\CGG(1)\CGG\BIN\WIN64\DEBUG\CGG_WEEK8.PDB
E:\COMPUTER GRAPHICS FOR GAMES\CGG(1)\CGG\OBJ\WIN64\DEBUG\CGG_WEEK8\CGG_WEEK8.EXE.INTERMEDIATE.MANIFEST
E:\Computer Graphics for Games\CGG(1)\CGG\obj\win64\Debug\CGG_Week8\cl.command.1.tlog
E:\Computer Graphics for Games\CGG(1)\CGG\obj\win64\Debug\CGG_Week8\CL.read.1.tlog
E:\Computer Graphics for Games\CGG(1)\CGG\obj\win64\Debug\CGG_Week8\CL.write.1.tlog
E:\Computer Graphics for Games\CGG(1)\CGG\obj\win64\Debug\CGG_Week8\link.command.1.tlog
E:\Computer Graphics for Games\CGG(1)\CGG\obj\win64\Debug\CGG_Week8\link.read.1.tlog
E:\Computer Graphics for Games\CGG(1)\CGG\obj\win64\Debug\CGG_Week8\link.write.1.tlog
E:\COMPUTER GRAPHICS FOR GAMES\CGG(1)\CGG\OBJ\WIN64\DEBUG\CGG_WEEK8\MAIN.OBJ
E:\Computer Graphics for Games\CGG(1)\CGG\obj\win64\Debug\CGG_Week8\mt.command.1.tlog
E:\Computer Graphics for Games\CGG(1)\CGG\obj\win64\Debug\CGG_Week8\mt.read.1.tlog
E:\Computer Graphics for Games\CGG(1)\CGG\obj\win64\Debug\CGG_Week8\mt.write.1.tlog
E:\COMPUTER GRAPHICS FOR GAMES\CGG(1)\CGG\OBJ\WIN64\DEBUG\CGG_WEEK8\VC100.PDB
H:\CGG(1)\CGG\BIN\WIN64\DEBUG\CGG_WEEK8.EXE
H:\CGG(1)\CGG\BIN\WIN64\DEBUG\CGG_WEEK8.ILK
H:\CGG(1)\CGG\BIN\WIN64\DEBUG\CGG_WEEK8.PDB
H:\CGG(1)\CGG\OBJ\WIN64\DEBUG\CGG_WEEK8\VC100.PDB
