E:\Computer Graphics for Games\CGG(1)\CGG\\bin\win64\Debug\Ex07_matrix_stack.exe
E:\Computer Graphics for Games\CGG(1)\CGG\\bin\win64\Debug\Ex07_matrix_stack.ilk
E:\Computer Graphics for Games\CGG(1)\CGG\\bin\win64\Debug\Ex07_matrix_stack.pdb
E:\COMPUTER GRAPHICS FOR GAMES\CGG(1)\CGG\BIN\WIN64\DEBUG\EX07_MATRIX_STACK.EXE
E:\COMPUTER GRAPHICS FOR GAMES\CGG(1)\CGG\BIN\WIN64\DEBUG\EX07_MATRIX_STACK.ILK
E:\COMPUTER GRAPHICS FOR GAMES\CGG(1)\CGG\BIN\WIN64\DEBUG\EX07_MATRIX_STACK.PDB
E:\Computer Graphics for Games\CGG(1)\CGG\obj\win64\Debug\Ex07_matrix_stack\cl.command.1.tlog
E:\Computer Graphics for Games\CGG(1)\CGG\obj\win64\Debug\Ex07_matrix_stack\CL.read.1.tlog
E:\Computer Graphics for Games\CGG(1)\CGG\obj\win64\Debug\Ex07_matrix_stack\CL.write.1.tlog
E:\COMPUTER GRAPHICS FOR GAMES\CGG(1)\CGG\OBJ\WIN64\DEBUG\EX07_MATRIX_STACK\EX07_MATRIX_STACK.EXE.INTERMEDIATE.MANIFEST
E:\Computer Graphics for Games\CGG(1)\CGG\obj\win64\Debug\Ex07_matrix_stack\link.command.1.tlog
E:\Computer Graphics for Games\CGG(1)\CGG\obj\win64\Debug\Ex07_matrix_stack\link.read.1.tlog
E:\Computer Graphics for Games\CGG(1)\CGG\obj\win64\Debug\Ex07_matrix_stack\link.write.1.tlog
E:\COMPUTER GRAPHICS FOR GAMES\CGG(1)\CGG\OBJ\WIN64\DEBUG\EX07_MATRIX_STACK\MAIN.OBJ
E:\Computer Graphics for Games\CGG(1)\CGG\obj\win64\Debug\Ex07_matrix_stack\mt.command.1.tlog
E:\Computer Graphics for Games\CGG(1)\CGG\obj\win64\Debug\Ex07_matrix_stack\mt.read.1.tlog
E:\Computer Graphics for Games\CGG(1)\CGG\obj\win64\Debug\Ex07_matrix_stack\mt.write.1.tlog
E:\COMPUTER GRAPHICS FOR GAMES\CGG(1)\CGG\OBJ\WIN64\DEBUG\EX07_MATRIX_STACK\VC100.PDB
H:\CGG(1)\CGG\BIN\WIN64\DEBUG\EX07_MATRIX_STACK.EXE
H:\CGG(1)\CGG\BIN\WIN64\DEBUG\EX07_MATRIX_STACK.ILK
H:\CGG(1)\CGG\BIN\WIN64\DEBUG\EX07_MATRIX_STACK.PDB
H:\CGG(1)\CGG\OBJ\WIN64\DEBUG\EX07_MATRIX_STACK\EX07_MATRIX_STACK.EXE.INTERMEDIATE.MANIFEST
H:\CGG(1)\CGG\OBJ\WIN64\DEBUG\EX07_MATRIX_STACK\MAIN.OBJ
H:\CGG(1)\CGG\OBJ\WIN64\DEBUG\EX07_MATRIX_STACK\VC100.PDB
