E:\Computer Graphics for Games\CGG(1)\CGG\\bin\win64\Debug\i7257741.exe
E:\Computer Graphics for Games\CGG(1)\CGG\\bin\win64\Debug\i7257741.ilk
E:\Computer Graphics for Games\CGG(1)\CGG\\bin\win64\Debug\i7257741.pdb
E:\Computer Graphics for Games\CGG(1)\CGG\obj\win64\Debug\i7257741\cl.command.1.tlog
E:\Computer Graphics for Games\CGG(1)\CGG\obj\win64\Debug\i7257741\CL.read.1.tlog
E:\Computer Graphics for Games\CGG(1)\CGG\obj\win64\Debug\i7257741\CL.write.1.tlog
E:\Computer Graphics for Games\CGG(1)\CGG\obj\win64\Debug\i7257741\i7257741.exe.intermediate.manifest
E:\Computer Graphics for Games\CGG(1)\CGG\obj\win64\Debug\i7257741\link.command.1.tlog
E:\Computer Graphics for Games\CGG(1)\CGG\obj\win64\Debug\i7257741\link.read.1.tlog
E:\Computer Graphics for Games\CGG(1)\CGG\obj\win64\Debug\i7257741\link.write.1.tlog
E:\Computer Graphics for Games\CGG(1)\CGG\obj\win64\Debug\i7257741\main.obj
E:\Computer Graphics for Games\CGG(1)\CGG\obj\win64\Debug\i7257741\mt.command.1.tlog
E:\Computer Graphics for Games\CGG(1)\CGG\obj\win64\Debug\i7257741\mt.read.1.tlog
E:\Computer Graphics for Games\CGG(1)\CGG\obj\win64\Debug\i7257741\mt.write.1.tlog
E:\Computer Graphics for Games\CGG(1)\CGG\obj\win64\Debug\i7257741\vc100.pdb
H:\CGG(1)\CGG\BIN\WIN64\DEBUG\I7257741.EXE
H:\CGG(1)\CGG\BIN\WIN64\DEBUG\I7257741.ILK
H:\CGG(1)\CGG\BIN\WIN64\DEBUG\I7257741.PDB
H:\CGG(1)\CGG\OBJ\WIN64\DEBUG\I7257741\I7257741.EXE.INTERMEDIATE.MANIFEST
H:\CGG(1)\CGG\OBJ\WIN64\DEBUG\I7257741\MAIN.OBJ
H:\CGG(1)\CGG\OBJ\WIN64\DEBUG\I7257741\VC100.PDB
