E:\Computer Graphics for Games\CGG(1)\CGG\\bin\win64\Debug\Ex05_draw_primitives.exe
E:\Computer Graphics for Games\CGG(1)\CGG\\bin\win64\Debug\Ex05_draw_primitives.ilk
E:\Computer Graphics for Games\CGG(1)\CGG\\bin\win64\Debug\Ex05_draw_primitives.pdb
E:\COMPUTER GRAPHICS FOR GAMES\CGG(1)\CGG\BIN\WIN64\DEBUG\EX05_DRAW_PRIMITIVES.EXE
E:\COMPUTER GRAPHICS FOR GAMES\CGG(1)\CGG\BIN\WIN64\DEBUG\EX05_DRAW_PRIMITIVES.ILK
E:\COMPUTER GRAPHICS FOR GAMES\CGG(1)\CGG\BIN\WIN64\DEBUG\EX05_DRAW_PRIMITIVES.PDB
E:\Computer Graphics for Games\CGG(1)\CGG\obj\win64\Debug\Ex05_draw_primitives\cl.command.1.tlog
E:\Computer Graphics for Games\CGG(1)\CGG\obj\win64\Debug\Ex05_draw_primitives\CL.read.1.tlog
E:\Computer Graphics for Games\CGG(1)\CGG\obj\win64\Debug\Ex05_draw_primitives\CL.write.1.tlog
E:\COMPUTER GRAPHICS FOR GAMES\CGG(1)\CGG\OBJ\WIN64\DEBUG\EX05_DRAW_PRIMITIVES\EX05_DRAW_PRIMITIVES.EXE.INTERMEDIATE.MANIFEST
E:\Computer Graphics for Games\CGG(1)\CGG\obj\win64\Debug\Ex05_draw_primitives\link.command.1.tlog
E:\Computer Graphics for Games\CGG(1)\CGG\obj\win64\Debug\Ex05_draw_primitives\link.read.1.tlog
E:\Computer Graphics for Games\CGG(1)\CGG\obj\win64\Debug\Ex05_draw_primitives\link.write.1.tlog
E:\COMPUTER GRAPHICS FOR GAMES\CGG(1)\CGG\OBJ\WIN64\DEBUG\EX05_DRAW_PRIMITIVES\MAIN.OBJ
E:\Computer Graphics for Games\CGG(1)\CGG\obj\win64\Debug\Ex05_draw_primitives\mt.command.1.tlog
E:\Computer Graphics for Games\CGG(1)\CGG\obj\win64\Debug\Ex05_draw_primitives\mt.read.1.tlog
E:\Computer Graphics for Games\CGG(1)\CGG\obj\win64\Debug\Ex05_draw_primitives\mt.write.1.tlog
E:\COMPUTER GRAPHICS FOR GAMES\CGG(1)\CGG\OBJ\WIN64\DEBUG\EX05_DRAW_PRIMITIVES\VC100.PDB
H:\CGG(1)\CGG\BIN\WIN64\DEBUG\EX05_DRAW_PRIMITIVES.EXE
H:\CGG(1)\CGG\BIN\WIN64\DEBUG\EX05_DRAW_PRIMITIVES.ILK
H:\CGG(1)\CGG\BIN\WIN64\DEBUG\EX05_DRAW_PRIMITIVES.PDB
H:\CGG(1)\CGG\OBJ\WIN64\DEBUG\EX05_DRAW_PRIMITIVES\EX05_DRAW_PRIMITIVES.EXE.INTERMEDIATE.MANIFEST
H:\CGG(1)\CGG\OBJ\WIN64\DEBUG\EX05_DRAW_PRIMITIVES\MAIN.OBJ
H:\CGG(1)\CGG\OBJ\WIN64\DEBUG\EX05_DRAW_PRIMITIVES\VC100.PDB
