E:\Computer Graphics for Games\CGG(1)\CGG\\bin\win64\Debug\Ex10_multiple_screens.exe
E:\Computer Graphics for Games\CGG(1)\CGG\\bin\win64\Debug\Ex10_multiple_screens.ilk
E:\Computer Graphics for Games\CGG(1)\CGG\\bin\win64\Debug\Ex10_multiple_screens.pdb
E:\COMPUTER GRAPHICS FOR GAMES\CGG(1)\CGG\BIN\WIN64\DEBUG\EX10_MULTIPLE_SCREENS.EXE
E:\COMPUTER GRAPHICS FOR GAMES\CGG(1)\CGG\BIN\WIN64\DEBUG\EX10_MULTIPLE_SCREENS.ILK
E:\COMPUTER GRAPHICS FOR GAMES\CGG(1)\CGG\BIN\WIN64\DEBUG\EX10_MULTIPLE_SCREENS.PDB
E:\Computer Graphics for Games\CGG(1)\CGG\obj\win64\Debug\Ex10_multiple_screens\cl.command.1.tlog
E:\Computer Graphics for Games\CGG(1)\CGG\obj\win64\Debug\Ex10_multiple_screens\CL.read.1.tlog
E:\Computer Graphics for Games\CGG(1)\CGG\obj\win64\Debug\Ex10_multiple_screens\CL.write.1.tlog
E:\COMPUTER GRAPHICS FOR GAMES\CGG(1)\CGG\OBJ\WIN64\DEBUG\EX10_MULTIPLE_SCREENS\EX10_MULTIPLE_SCREENS.EXE.INTERMEDIATE.MANIFEST
E:\Computer Graphics for Games\CGG(1)\CGG\obj\win64\Debug\Ex10_multiple_screens\link.command.1.tlog
E:\Computer Graphics for Games\CGG(1)\CGG\obj\win64\Debug\Ex10_multiple_screens\link.read.1.tlog
E:\Computer Graphics for Games\CGG(1)\CGG\obj\win64\Debug\Ex10_multiple_screens\link.write.1.tlog
E:\COMPUTER GRAPHICS FOR GAMES\CGG(1)\CGG\OBJ\WIN64\DEBUG\EX10_MULTIPLE_SCREENS\MAIN.OBJ
E:\Computer Graphics for Games\CGG(1)\CGG\obj\win64\Debug\Ex10_multiple_screens\mt.command.1.tlog
E:\Computer Graphics for Games\CGG(1)\CGG\obj\win64\Debug\Ex10_multiple_screens\mt.read.1.tlog
E:\Computer Graphics for Games\CGG(1)\CGG\obj\win64\Debug\Ex10_multiple_screens\mt.write.1.tlog
E:\COMPUTER GRAPHICS FOR GAMES\CGG(1)\CGG\OBJ\WIN64\DEBUG\EX10_MULTIPLE_SCREENS\VC100.PDB
H:\CGG(1)\CGG\BIN\WIN64\DEBUG\EX10_MULTIPLE_SCREENS.EXE
H:\CGG(1)\CGG\BIN\WIN64\DEBUG\EX10_MULTIPLE_SCREENS.ILK
H:\CGG(1)\CGG\BIN\WIN64\DEBUG\EX10_MULTIPLE_SCREENS.PDB
H:\CGG(1)\CGG\OBJ\WIN64\DEBUG\EX10_MULTIPLE_SCREENS\EX10_MULTIPLE_SCREENS.EXE.INTERMEDIATE.MANIFEST
H:\CGG(1)\CGG\OBJ\WIN64\DEBUG\EX10_MULTIPLE_SCREENS\MAIN.OBJ
H:\CGG(1)\CGG\OBJ\WIN64\DEBUG\EX10_MULTIPLE_SCREENS\VC100.PDB
