E:\Computer Graphics for Games\CGG(1)\CGG\\bin\win64\Debug\Ex13_custom_maya_camera.exe
E:\Computer Graphics for Games\CGG(1)\CGG\\bin\win64\Debug\Ex13_custom_maya_camera.ilk
E:\Computer Graphics for Games\CGG(1)\CGG\\bin\win64\Debug\Ex13_custom_maya_camera.pdb
E:\COMPUTER GRAPHICS FOR GAMES\CGG(1)\CGG\BIN\WIN64\DEBUG\EX13_CUSTOM_MAYA_CAMERA.EXE
E:\COMPUTER GRAPHICS FOR GAMES\CGG(1)\CGG\BIN\WIN64\DEBUG\EX13_CUSTOM_MAYA_CAMERA.ILK
E:\COMPUTER GRAPHICS FOR GAMES\CGG(1)\CGG\BIN\WIN64\DEBUG\EX13_CUSTOM_MAYA_CAMERA.PDB
E:\Computer Graphics for Games\CGG(1)\CGG\obj\win64\Debug\Ex13_custom_maya_camera\cl.command.1.tlog
E:\Computer Graphics for Games\CGG(1)\CGG\obj\win64\Debug\Ex13_custom_maya_camera\CL.read.1.tlog
E:\Computer Graphics for Games\CGG(1)\CGG\obj\win64\Debug\Ex13_custom_maya_camera\CL.write.1.tlog
E:\COMPUTER GRAPHICS FOR GAMES\CGG(1)\CGG\OBJ\WIN64\DEBUG\EX13_CUSTOM_MAYA_CAMERA\EX13_CUSTOM_MAYA_CAMERA.EXE.INTERMEDIATE.MANIFEST
E:\Computer Graphics for Games\CGG(1)\CGG\obj\win64\Debug\Ex13_custom_maya_camera\link.command.1.tlog
E:\Computer Graphics for Games\CGG(1)\CGG\obj\win64\Debug\Ex13_custom_maya_camera\link.read.1.tlog
E:\Computer Graphics for Games\CGG(1)\CGG\obj\win64\Debug\Ex13_custom_maya_camera\link.write.1.tlog
E:\COMPUTER GRAPHICS FOR GAMES\CGG(1)\CGG\OBJ\WIN64\DEBUG\EX13_CUSTOM_MAYA_CAMERA\MAIN.OBJ
E:\Computer Graphics for Games\CGG(1)\CGG\obj\win64\Debug\Ex13_custom_maya_camera\mt.command.1.tlog
E:\Computer Graphics for Games\CGG(1)\CGG\obj\win64\Debug\Ex13_custom_maya_camera\mt.read.1.tlog
E:\Computer Graphics for Games\CGG(1)\CGG\obj\win64\Debug\Ex13_custom_maya_camera\mt.write.1.tlog
E:\COMPUTER GRAPHICS FOR GAMES\CGG(1)\CGG\OBJ\WIN64\DEBUG\EX13_CUSTOM_MAYA_CAMERA\VC100.PDB
H:\CGG(1)\CGG\BIN\WIN64\DEBUG\EX13_CUSTOM_MAYA_CAMERA.EXE
H:\CGG(1)\CGG\BIN\WIN64\DEBUG\EX13_CUSTOM_MAYA_CAMERA.ILK
H:\CGG(1)\CGG\BIN\WIN64\DEBUG\EX13_CUSTOM_MAYA_CAMERA.PDB
H:\CGG(1)\CGG\OBJ\WIN64\DEBUG\EX13_CUSTOM_MAYA_CAMERA\EX13_CUSTOM_MAYA_CAMERA.EXE.INTERMEDIATE.MANIFEST
H:\CGG(1)\CGG\OBJ\WIN64\DEBUG\EX13_CUSTOM_MAYA_CAMERA\MAIN.OBJ
H:\CGG(1)\CGG\OBJ\WIN64\DEBUG\EX13_CUSTOM_MAYA_CAMERA\VC100.PDB
