E:\Computer Graphics for Games\CGG(1)\CGG\\bin\win64\Debug\Ex11_draw_indexed_primatives.exe
E:\Computer Graphics for Games\CGG(1)\CGG\\bin\win64\Debug\Ex11_draw_indexed_primatives.ilk
E:\Computer Graphics for Games\CGG(1)\CGG\\bin\win64\Debug\Ex11_draw_indexed_primatives.pdb
E:\COMPUTER GRAPHICS FOR GAMES\CGG(1)\CGG\BIN\WIN64\DEBUG\EX11_DRAW_INDEXED_PRIMATIVES.EXE
E:\COMPUTER GRAPHICS FOR GAMES\CGG(1)\CGG\BIN\WIN64\DEBUG\EX11_DRAW_INDEXED_PRIMATIVES.ILK
E:\COMPUTER GRAPHICS FOR GAMES\CGG(1)\CGG\BIN\WIN64\DEBUG\EX11_DRAW_INDEXED_PRIMATIVES.PDB
E:\Computer Graphics for Games\CGG(1)\CGG\obj\win64\Debug\Ex11_draw_indexed_primatives\cl.command.1.tlog
E:\Computer Graphics for Games\CGG(1)\CGG\obj\win64\Debug\Ex11_draw_indexed_primatives\CL.read.1.tlog
E:\Computer Graphics for Games\CGG(1)\CGG\obj\win64\Debug\Ex11_draw_indexed_primatives\CL.write.1.tlog
E:\COMPUTER GRAPHICS FOR GAMES\CGG(1)\CGG\OBJ\WIN64\DEBUG\EX11_DRAW_INDEXED_PRIMATIVES\EX11_DRAW_INDEXED_PRIMATIVES.EXE.INTERMEDIATE.MANIFEST
E:\Computer Graphics for Games\CGG(1)\CGG\obj\win64\Debug\Ex11_draw_indexed_primatives\link.command.1.tlog
E:\Computer Graphics for Games\CGG(1)\CGG\obj\win64\Debug\Ex11_draw_indexed_primatives\link.read.1.tlog
E:\Computer Graphics for Games\CGG(1)\CGG\obj\win64\Debug\Ex11_draw_indexed_primatives\link.write.1.tlog
E:\COMPUTER GRAPHICS FOR GAMES\CGG(1)\CGG\OBJ\WIN64\DEBUG\EX11_DRAW_INDEXED_PRIMATIVES\MAIN.OBJ
E:\Computer Graphics for Games\CGG(1)\CGG\obj\win64\Debug\Ex11_draw_indexed_primatives\mt.command.1.tlog
E:\Computer Graphics for Games\CGG(1)\CGG\obj\win64\Debug\Ex11_draw_indexed_primatives\mt.read.1.tlog
E:\Computer Graphics for Games\CGG(1)\CGG\obj\win64\Debug\Ex11_draw_indexed_primatives\mt.write.1.tlog
E:\COMPUTER GRAPHICS FOR GAMES\CGG(1)\CGG\OBJ\WIN64\DEBUG\EX11_DRAW_INDEXED_PRIMATIVES\VC100.PDB
H:\CGG(1)\CGG\BIN\WIN64\DEBUG\EX11_DRAW_INDEXED_PRIMATIVES.EXE
H:\CGG(1)\CGG\BIN\WIN64\DEBUG\EX11_DRAW_INDEXED_PRIMATIVES.ILK
H:\CGG(1)\CGG\BIN\WIN64\DEBUG\EX11_DRAW_INDEXED_PRIMATIVES.PDB
H:\CGG(1)\CGG\OBJ\WIN64\DEBUG\EX11_DRAW_INDEXED_PRIMATIVES\MAIN.OBJ
H:\CGG(1)\CGG\OBJ\WIN64\DEBUG\EX11_DRAW_INDEXED_PRIMATIVES\VC100.PDB
