E:\Computer Graphics for Games\CGG(1)\CGG\\bin\win64\Debug\Ex08_drawing_text.exe
E:\Computer Graphics for Games\CGG(1)\CGG\\bin\win64\Debug\Ex08_drawing_text.ilk
E:\Computer Graphics for Games\CGG(1)\CGG\\bin\win64\Debug\Ex08_drawing_text.pdb
E:\COMPUTER GRAPHICS FOR GAMES\CGG(1)\CGG\BIN\WIN64\DEBUG\EX08_DRAWING_TEXT.EXE
E:\COMPUTER GRAPHICS FOR GAMES\CGG(1)\CGG\BIN\WIN64\DEBUG\EX08_DRAWING_TEXT.ILK
E:\COMPUTER GRAPHICS FOR GAMES\CGG(1)\CGG\BIN\WIN64\DEBUG\EX08_DRAWING_TEXT.PDB
E:\Computer Graphics for Games\CGG(1)\CGG\obj\win64\Debug\Ex08_drawing_text\cl.command.1.tlog
E:\Computer Graphics for Games\CGG(1)\CGG\obj\win64\Debug\Ex08_drawing_text\CL.read.1.tlog
E:\Computer Graphics for Games\CGG(1)\CGG\obj\win64\Debug\Ex08_drawing_text\CL.write.1.tlog
E:\COMPUTER GRAPHICS FOR GAMES\CGG(1)\CGG\OBJ\WIN64\DEBUG\EX08_DRAWING_TEXT\EX08_DRAWING_TEXT.EXE.INTERMEDIATE.MANIFEST
E:\Computer Graphics for Games\CGG(1)\CGG\obj\win64\Debug\Ex08_drawing_text\link.command.1.tlog
E:\Computer Graphics for Games\CGG(1)\CGG\obj\win64\Debug\Ex08_drawing_text\link.read.1.tlog
E:\Computer Graphics for Games\CGG(1)\CGG\obj\win64\Debug\Ex08_drawing_text\link.write.1.tlog
E:\COMPUTER GRAPHICS FOR GAMES\CGG(1)\CGG\OBJ\WIN64\DEBUG\EX08_DRAWING_TEXT\MAIN.OBJ
E:\Computer Graphics for Games\CGG(1)\CGG\obj\win64\Debug\Ex08_drawing_text\mt.command.1.tlog
E:\Computer Graphics for Games\CGG(1)\CGG\obj\win64\Debug\Ex08_drawing_text\mt.read.1.tlog
E:\Computer Graphics for Games\CGG(1)\CGG\obj\win64\Debug\Ex08_drawing_text\mt.write.1.tlog
E:\COMPUTER GRAPHICS FOR GAMES\CGG(1)\CGG\OBJ\WIN64\DEBUG\EX08_DRAWING_TEXT\VC100.PDB
H:\CGG(1)\CGG\BIN\WIN64\DEBUG\EX08_DRAWING_TEXT.EXE
H:\CGG(1)\CGG\BIN\WIN64\DEBUG\EX08_DRAWING_TEXT.ILK
H:\CGG(1)\CGG\BIN\WIN64\DEBUG\EX08_DRAWING_TEXT.PDB
H:\CGG(1)\CGG\OBJ\WIN64\DEBUG\EX08_DRAWING_TEXT\EX08_DRAWING_TEXT.EXE.INTERMEDIATE.MANIFEST
H:\CGG(1)\CGG\OBJ\WIN64\DEBUG\EX08_DRAWING_TEXT\MAIN.OBJ
H:\CGG(1)\CGG\OBJ\WIN64\DEBUG\EX08_DRAWING_TEXT\VC100.PDB
