E:\Computer Graphics for Games\CGG(1)\CGG\\bin\win64\Debug\Ex00_empty_window.exe
E:\Computer Graphics for Games\CGG(1)\CGG\\bin\win64\Debug\Ex00_empty_window.ilk
E:\Computer Graphics for Games\CGG(1)\CGG\\bin\win64\Debug\Ex00_empty_window.pdb
E:\COMPUTER GRAPHICS FOR GAMES\CGG(1)\CGG\BIN\WIN64\DEBUG\EX00_EMPTY_WINDOW.EXE
E:\COMPUTER GRAPHICS FOR GAMES\CGG(1)\CGG\BIN\WIN64\DEBUG\EX00_EMPTY_WINDOW.ILK
E:\COMPUTER GRAPHICS FOR GAMES\CGG(1)\CGG\BIN\WIN64\DEBUG\EX00_EMPTY_WINDOW.PDB
E:\Computer Graphics for Games\CGG(1)\CGG\obj\win64\Debug\Ex00_empty_window\cl.command.1.tlog
E:\Computer Graphics for Games\CGG(1)\CGG\obj\win64\Debug\Ex00_empty_window\CL.read.1.tlog
E:\Computer Graphics for Games\CGG(1)\CGG\obj\win64\Debug\Ex00_empty_window\CL.write.1.tlog
E:\COMPUTER GRAPHICS FOR GAMES\CGG(1)\CGG\OBJ\WIN64\DEBUG\EX00_EMPTY_WINDOW\EX00_EMPTY_WINDOW.EXE.INTERMEDIATE.MANIFEST
E:\Computer Graphics for Games\CGG(1)\CGG\obj\win64\Debug\Ex00_empty_window\link.command.1.tlog
E:\Computer Graphics for Games\CGG(1)\CGG\obj\win64\Debug\Ex00_empty_window\link.read.1.tlog
E:\Computer Graphics for Games\CGG(1)\CGG\obj\win64\Debug\Ex00_empty_window\link.write.1.tlog
E:\COMPUTER GRAPHICS FOR GAMES\CGG(1)\CGG\OBJ\WIN64\DEBUG\EX00_EMPTY_WINDOW\MAIN.OBJ
E:\Computer Graphics for Games\CGG(1)\CGG\obj\win64\Debug\Ex00_empty_window\mt.command.1.tlog
E:\Computer Graphics for Games\CGG(1)\CGG\obj\win64\Debug\Ex00_empty_window\mt.read.1.tlog
E:\Computer Graphics for Games\CGG(1)\CGG\obj\win64\Debug\Ex00_empty_window\mt.write.1.tlog
E:\COMPUTER GRAPHICS FOR GAMES\CGG(1)\CGG\OBJ\WIN64\DEBUG\EX00_EMPTY_WINDOW\VC100.PDB
H:\CGG(1)\CGG\BIN\WIN64\DEBUG\EX00_EMPTY_WINDOW.EXE
H:\CGG(1)\CGG\BIN\WIN64\DEBUG\EX00_EMPTY_WINDOW.ILK
H:\CGG(1)\CGG\BIN\WIN64\DEBUG\EX00_EMPTY_WINDOW.PDB
H:\CGG(1)\CGG\OBJ\WIN64\DEBUG\EX00_EMPTY_WINDOW\EX00_EMPTY_WINDOW.EXE.INTERMEDIATE.MANIFEST
H:\CGG(1)\CGG\OBJ\WIN64\DEBUG\EX00_EMPTY_WINDOW\MAIN.OBJ
H:\CGG(1)\CGG\OBJ\WIN64\DEBUG\EX00_EMPTY_WINDOW\VC100.PDB
