E:\Computer Graphics for Games\CGG(1)\CGG\\bin\win64\Debug\Ex12_fullscreen.exe
E:\Computer Graphics for Games\CGG(1)\CGG\\bin\win64\Debug\Ex12_fullscreen.ilk
E:\Computer Graphics for Games\CGG(1)\CGG\\bin\win64\Debug\Ex12_fullscreen.pdb
E:\COMPUTER GRAPHICS FOR GAMES\CGG(1)\CGG\BIN\WIN64\DEBUG\EX12_FULLSCREEN.EXE
E:\COMPUTER GRAPHICS FOR GAMES\CGG(1)\CGG\BIN\WIN64\DEBUG\EX12_FULLSCREEN.ILK
E:\COMPUTER GRAPHICS FOR GAMES\CGG(1)\CGG\BIN\WIN64\DEBUG\EX12_FULLSCREEN.PDB
E:\Computer Graphics for Games\CGG(1)\CGG\obj\win64\Debug\Ex12_fullscreen\cl.command.1.tlog
E:\Computer Graphics for Games\CGG(1)\CGG\obj\win64\Debug\Ex12_fullscreen\CL.read.1.tlog
E:\Computer Graphics for Games\CGG(1)\CGG\obj\win64\Debug\Ex12_fullscreen\CL.write.1.tlog
E:\COMPUTER GRAPHICS FOR GAMES\CGG(1)\CGG\OBJ\WIN64\DEBUG\EX12_FULLSCREEN\EX12_FULLSCREEN.EXE.INTERMEDIATE.MANIFEST
E:\Computer Graphics for Games\CGG(1)\CGG\obj\win64\Debug\Ex12_fullscreen\link.command.1.tlog
E:\Computer Graphics for Games\CGG(1)\CGG\obj\win64\Debug\Ex12_fullscreen\link.read.1.tlog
E:\Computer Graphics for Games\CGG(1)\CGG\obj\win64\Debug\Ex12_fullscreen\link.write.1.tlog
E:\COMPUTER GRAPHICS FOR GAMES\CGG(1)\CGG\OBJ\WIN64\DEBUG\EX12_FULLSCREEN\MAIN.OBJ
E:\Computer Graphics for Games\CGG(1)\CGG\obj\win64\Debug\Ex12_fullscreen\mt.command.1.tlog
E:\Computer Graphics for Games\CGG(1)\CGG\obj\win64\Debug\Ex12_fullscreen\mt.read.1.tlog
E:\Computer Graphics for Games\CGG(1)\CGG\obj\win64\Debug\Ex12_fullscreen\mt.write.1.tlog
E:\COMPUTER GRAPHICS FOR GAMES\CGG(1)\CGG\OBJ\WIN64\DEBUG\EX12_FULLSCREEN\VC100.PDB
H:\CGG(1)\CGG\BIN\WIN64\DEBUG\EX12_FULLSCREEN.EXE
H:\CGG(1)\CGG\BIN\WIN64\DEBUG\EX12_FULLSCREEN.ILK
H:\CGG(1)\CGG\BIN\WIN64\DEBUG\EX12_FULLSCREEN.PDB
H:\CGG(1)\CGG\OBJ\WIN64\DEBUG\EX12_FULLSCREEN\MAIN.OBJ
H:\CGG(1)\CGG\OBJ\WIN64\DEBUG\EX12_FULLSCREEN\VC100.PDB
