E:\Computer Graphics for Games\CGG(1)\CGG\\bin\win64\Debug\Ex04_drawing3D.exe
E:\Computer Graphics for Games\CGG(1)\CGG\\bin\win64\Debug\Ex04_drawing3D.ilk
E:\Computer Graphics for Games\CGG(1)\CGG\\bin\win64\Debug\Ex04_drawing3D.pdb
E:\COMPUTER GRAPHICS FOR GAMES\CGG(1)\CGG\BIN\WIN64\DEBUG\EX04_DRAWING3D.EXE
E:\COMPUTER GRAPHICS FOR GAMES\CGG(1)\CGG\BIN\WIN64\DEBUG\EX04_DRAWING3D.ILK
E:\COMPUTER GRAPHICS FOR GAMES\CGG(1)\CGG\BIN\WIN64\DEBUG\EX04_DRAWING3D.PDB
E:\Computer Graphics for Games\CGG(1)\CGG\obj\win64\Debug\Ex04_drawing3D\cl.command.1.tlog
E:\Computer Graphics for Games\CGG(1)\CGG\obj\win64\Debug\Ex04_drawing3D\CL.read.1.tlog
E:\Computer Graphics for Games\CGG(1)\CGG\obj\win64\Debug\Ex04_drawing3D\CL.write.1.tlog
E:\COMPUTER GRAPHICS FOR GAMES\CGG(1)\CGG\OBJ\WIN64\DEBUG\EX04_DRAWING3D\EX04_DRAWING3D.EXE.INTERMEDIATE.MANIFEST
E:\Computer Graphics for Games\CGG(1)\CGG\obj\win64\Debug\Ex04_drawing3D\link.command.1.tlog
E:\Computer Graphics for Games\CGG(1)\CGG\obj\win64\Debug\Ex04_drawing3D\link.read.1.tlog
E:\Computer Graphics for Games\CGG(1)\CGG\obj\win64\Debug\Ex04_drawing3D\link.write.1.tlog
E:\COMPUTER GRAPHICS FOR GAMES\CGG(1)\CGG\OBJ\WIN64\DEBUG\EX04_DRAWING3D\MAIN.OBJ
E:\Computer Graphics for Games\CGG(1)\CGG\obj\win64\Debug\Ex04_drawing3D\mt.command.1.tlog
E:\Computer Graphics for Games\CGG(1)\CGG\obj\win64\Debug\Ex04_drawing3D\mt.read.1.tlog
E:\Computer Graphics for Games\CGG(1)\CGG\obj\win64\Debug\Ex04_drawing3D\mt.write.1.tlog
E:\COMPUTER GRAPHICS FOR GAMES\CGG(1)\CGG\OBJ\WIN64\DEBUG\EX04_DRAWING3D\VC100.PDB
H:\CGG(1)\CGG\BIN\WIN64\DEBUG\EX04_DRAWING3D.EXE
H:\CGG(1)\CGG\BIN\WIN64\DEBUG\EX04_DRAWING3D.ILK
H:\CGG(1)\CGG\BIN\WIN64\DEBUG\EX04_DRAWING3D.PDB
H:\CGG(1)\CGG\OBJ\WIN64\DEBUG\EX04_DRAWING3D\EX04_DRAWING3D.EXE.INTERMEDIATE.MANIFEST
H:\CGG(1)\CGG\OBJ\WIN64\DEBUG\EX04_DRAWING3D\MAIN.OBJ
H:\CGG(1)\CGG\OBJ\WIN64\DEBUG\EX04_DRAWING3D\VC100.PDB
