E:\Computer Graphics for Games\CGG(1)\CGG\\lib\win64\Debug\libCGG.lib
E:\COMPUTER GRAPHICS FOR GAMES\CGG(1)\CGG\LIB\WIN64\DEBUG\LIBCGG.LIB
E:\Computer Graphics for Games\CGG(1)\CGG\obj\win64\Debug\libCGG\CL.1516.read.1.tlog
E:\Computer Graphics for Games\CGG(1)\CGG\obj\win64\Debug\libCGG\CL.1516.write.1.tlog
E:\Computer Graphics for Games\CGG(1)\CGG\obj\win64\Debug\libCGG\CL.2872.read.1.tlog
E:\Computer Graphics for Games\CGG(1)\CGG\obj\win64\Debug\libCGG\CL.2872.write.1.tlog
E:\Computer Graphics for Games\CGG(1)\CGG\obj\win64\Debug\libCGG\CL.3844.read.1.tlog
E:\Computer Graphics for Games\CGG(1)\CGG\obj\win64\Debug\libCGG\CL.3844.write.1.tlog
E:\Computer Graphics for Games\CGG(1)\CGG\obj\win64\Debug\libCGG\CL.396.read.1.tlog
E:\Computer Graphics for Games\CGG(1)\CGG\obj\win64\Debug\libCGG\CL.396.write.1.tlog
E:\Computer Graphics for Games\CGG(1)\CGG\obj\win64\Debug\libCGG\CL.4160.read.1.tlog
E:\Computer Graphics for Games\CGG(1)\CGG\obj\win64\Debug\libCGG\CL.4160.write.1.tlog
E:\Computer Graphics for Games\CGG(1)\CGG\obj\win64\Debug\libCGG\CL.4176.read.1.tlog
E:\Computer Graphics for Games\CGG(1)\CGG\obj\win64\Debug\libCGG\CL.4176.write.1.tlog
E:\Computer Graphics for Games\CGG(1)\CGG\obj\win64\Debug\libCGG\CL.4236.read.1.tlog
E:\Computer Graphics for Games\CGG(1)\CGG\obj\win64\Debug\libCGG\CL.4236.write.1.tlog
E:\Computer Graphics for Games\CGG(1)\CGG\obj\win64\Debug\libCGG\CL.4372.read.1.tlog
E:\Computer Graphics for Games\CGG(1)\CGG\obj\win64\Debug\libCGG\CL.4372.write.1.tlog
E:\Computer Graphics for Games\CGG(1)\CGG\obj\win64\Debug\libCGG\CL.4376.read.1.tlog
E:\Computer Graphics for Games\CGG(1)\CGG\obj\win64\Debug\libCGG\CL.4376.write.1.tlog
E:\Computer Graphics for Games\CGG(1)\CGG\obj\win64\Debug\libCGG\CL.4480.read.1.tlog
E:\Computer Graphics for Games\CGG(1)\CGG\obj\win64\Debug\libCGG\CL.4480.write.1.tlog
E:\Computer Graphics for Games\CGG(1)\CGG\obj\win64\Debug\libCGG\CL.4580.read.1.tlog
E:\Computer Graphics for Games\CGG(1)\CGG\obj\win64\Debug\libCGG\CL.4580.write.1.tlog
E:\Computer Graphics for Games\CGG(1)\CGG\obj\win64\Debug\libCGG\CL.4932.read.1.tlog
E:\Computer Graphics for Games\CGG(1)\CGG\obj\win64\Debug\libCGG\CL.4932.write.1.tlog
E:\Computer Graphics for Games\CGG(1)\CGG\obj\win64\Debug\libCGG\CL.4988.read.1.tlog
E:\Computer Graphics for Games\CGG(1)\CGG\obj\win64\Debug\libCGG\CL.4988.write.1.tlog
E:\Computer Graphics for Games\CGG(1)\CGG\obj\win64\Debug\libCGG\CL.5020.read.1.tlog
E:\Computer Graphics for Games\CGG(1)\CGG\obj\win64\Debug\libCGG\CL.5020.write.1.tlog
E:\Computer Graphics for Games\CGG(1)\CGG\obj\win64\Debug\libCGG\CL.5264.read.1.tlog
E:\Computer Graphics for Games\CGG(1)\CGG\obj\win64\Debug\libCGG\CL.5264.write.1.tlog
E:\Computer Graphics for Games\CGG(1)\CGG\obj\win64\Debug\libCGG\CL.5316.read.1.tlog
E:\Computer Graphics for Games\CGG(1)\CGG\obj\win64\Debug\libCGG\CL.5316.write.1.tlog
E:\Computer Graphics for Games\CGG(1)\CGG\obj\win64\Debug\libCGG\CL.5464.read.1.tlog
E:\Computer Graphics for Games\CGG(1)\CGG\obj\win64\Debug\libCGG\CL.5464.write.1.tlog
E:\Computer Graphics for Games\CGG(1)\CGG\obj\win64\Debug\libCGG\CL.5468.read.1.tlog
E:\Computer Graphics for Games\CGG(1)\CGG\obj\win64\Debug\libCGG\CL.5468.write.1.tlog
E:\Computer Graphics for Games\CGG(1)\CGG\obj\win64\Debug\libCGG\CL.5528.read.1.tlog
E:\Computer Graphics for Games\CGG(1)\CGG\obj\win64\Debug\libCGG\CL.5528.write.1.tlog
E:\Computer Graphics for Games\CGG(1)\CGG\obj\win64\Debug\libCGG\CL.5948.read.1.tlog
E:\Computer Graphics for Games\CGG(1)\CGG\obj\win64\Debug\libCGG\CL.5948.write.1.tlog
E:\Computer Graphics for Games\CGG(1)\CGG\obj\win64\Debug\libCGG\CL.6064.read.1.tlog
E:\Computer Graphics for Games\CGG(1)\CGG\obj\win64\Debug\libCGG\CL.6064.write.1.tlog
E:\Computer Graphics for Games\CGG(1)\CGG\obj\win64\Debug\libCGG\CL.6564.read.1.tlog
E:\Computer Graphics for Games\CGG(1)\CGG\obj\win64\Debug\libCGG\CL.6564.write.1.tlog
E:\Computer Graphics for Games\CGG(1)\CGG\obj\win64\Debug\libCGG\CL.6752.read.1.tlog
E:\Computer Graphics for Games\CGG(1)\CGG\obj\win64\Debug\libCGG\CL.6752.write.1.tlog
E:\Computer Graphics for Games\CGG(1)\CGG\obj\win64\Debug\libCGG\CL.7020.read.1.tlog
E:\Computer Graphics for Games\CGG(1)\CGG\obj\win64\Debug\libCGG\CL.7020.write.1.tlog
E:\Computer Graphics for Games\CGG(1)\CGG\obj\win64\Debug\libCGG\cl.command.1.tlog
E:\Computer Graphics for Games\CGG(1)\CGG\obj\win64\Debug\libCGG\CL.read.1.tlog
E:\Computer Graphics for Games\CGG(1)\CGG\obj\win64\Debug\libCGG\cl.write.1.tlog
E:\COMPUTER GRAPHICS FOR GAMES\CGG(1)\CGG\OBJ\WIN64\DEBUG\LIBCGG\FREEGLUT_CALLBACKS.OBJ
E:\COMPUTER GRAPHICS FOR GAMES\CGG(1)\CGG\OBJ\WIN64\DEBUG\LIBCGG\FREEGLUT_CURSOR.OBJ
E:\COMPUTER GRAPHICS FOR GAMES\CGG(1)\CGG\OBJ\WIN64\DEBUG\LIBCGG\FREEGLUT_DISPLAY.OBJ
E:\COMPUTER GRAPHICS FOR GAMES\CGG(1)\CGG\OBJ\WIN64\DEBUG\LIBCGG\FREEGLUT_EXT.OBJ
E:\COMPUTER GRAPHICS FOR GAMES\CGG(1)\CGG\OBJ\WIN64\DEBUG\LIBCGG\FREEGLUT_FONT.OBJ
E:\COMPUTER GRAPHICS FOR GAMES\CGG(1)\CGG\OBJ\WIN64\DEBUG\LIBCGG\FREEGLUT_FONT_DATA.OBJ
E:\COMPUTER GRAPHICS FOR GAMES\CGG(1)\CGG\OBJ\WIN64\DEBUG\LIBCGG\FREEGLUT_GAMEMODE.OBJ
E:\COMPUTER GRAPHICS FOR GAMES\CGG(1)\CGG\OBJ\WIN64\DEBUG\LIBCGG\FREEGLUT_GEOMETRY.OBJ
E:\COMPUTER GRAPHICS FOR GAMES\CGG(1)\CGG\OBJ\WIN64\DEBUG\LIBCGG\FREEGLUT_GLUTFONT_DEFINITIONS.OBJ
E:\COMPUTER GRAPHICS FOR GAMES\CGG(1)\CGG\OBJ\WIN64\DEBUG\LIBCGG\FREEGLUT_INIT.OBJ
E:\COMPUTER GRAPHICS FOR GAMES\CGG(1)\CGG\OBJ\WIN64\DEBUG\LIBCGG\FREEGLUT_INPUT_DEVICES.OBJ
E:\COMPUTER GRAPHICS FOR GAMES\CGG(1)\CGG\OBJ\WIN64\DEBUG\LIBCGG\FREEGLUT_JOYSTICK.OBJ
E:\COMPUTER GRAPHICS FOR GAMES\CGG(1)\CGG\OBJ\WIN64\DEBUG\LIBCGG\FREEGLUT_MAIN.OBJ
E:\COMPUTER GRAPHICS FOR GAMES\CGG(1)\CGG\OBJ\WIN64\DEBUG\LIBCGG\FREEGLUT_MENU.OBJ
E:\COMPUTER GRAPHICS FOR GAMES\CGG(1)\CGG\OBJ\WIN64\DEBUG\LIBCGG\FREEGLUT_MISC.OBJ
E:\COMPUTER GRAPHICS FOR GAMES\CGG(1)\CGG\OBJ\WIN64\DEBUG\LIBCGG\FREEGLUT_OVERLAY.OBJ
E:\COMPUTER GRAPHICS FOR GAMES\CGG(1)\CGG\OBJ\WIN64\DEBUG\LIBCGG\FREEGLUT_SPACEBALL.OBJ
E:\COMPUTER GRAPHICS FOR GAMES\CGG(1)\CGG\OBJ\WIN64\DEBUG\LIBCGG\FREEGLUT_STATE.OBJ
E:\COMPUTER GRAPHICS FOR GAMES\CGG(1)\CGG\OBJ\WIN64\DEBUG\LIBCGG\FREEGLUT_STROKE_MONO_ROMAN.OBJ
E:\COMPUTER GRAPHICS FOR GAMES\CGG(1)\CGG\OBJ\WIN64\DEBUG\LIBCGG\FREEGLUT_STROKE_ROMAN.OBJ
E:\COMPUTER GRAPHICS FOR GAMES\CGG(1)\CGG\OBJ\WIN64\DEBUG\LIBCGG\FREEGLUT_STRUCTURE.OBJ
E:\COMPUTER GRAPHICS FOR GAMES\CGG(1)\CGG\OBJ\WIN64\DEBUG\LIBCGG\FREEGLUT_TEAPOT.OBJ
E:\COMPUTER GRAPHICS FOR GAMES\CGG(1)\CGG\OBJ\WIN64\DEBUG\LIBCGG\FREEGLUT_VIDEORESIZE.OBJ
E:\COMPUTER GRAPHICS FOR GAMES\CGG(1)\CGG\OBJ\WIN64\DEBUG\LIBCGG\FREEGLUT_WINDOW.OBJ
E:\COMPUTER GRAPHICS FOR GAMES\CGG(1)\CGG\OBJ\WIN64\DEBUG\LIBCGG\FREEGLUT_XINPUT.OBJ
E:\COMPUTER GRAPHICS FOR GAMES\CGG(1)\CGG\OBJ\WIN64\DEBUG\LIBCGG\GRAPHICS.OBJ
E:\Computer Graphics for Games\CGG(1)\CGG\obj\win64\Debug\libCGG\lib.command.1.tlog
E:\Computer Graphics for Games\CGG(1)\CGG\obj\win64\Debug\libCGG\Lib-link.read.1.tlog
E:\Computer Graphics for Games\CGG(1)\CGG\obj\win64\Debug\libCGG\Lib-link.write.1.tlog
E:\COMPUTER GRAPHICS FOR GAMES\CGG(1)\CGG\OBJ\WIN64\DEBUG\LIBCGG\TRANSFORMS.OBJ
E:\COMPUTER GRAPHICS FOR GAMES\CGG(1)\CGG\OBJ\WIN64\DEBUG\LIBCGG\VC100.PDB
E:\COMPUTER GRAPHICS FOR GAMES\CGG(1)\CGG\OBJ\WIN64\DEBUG\LIBCGG\WINDOW.OBJ
H:\CGG(1)\CGG\LIB\WIN64\DEBUG\LIBCGG.LIB
H:\CGG(1)\CGG\OBJ\WIN64\DEBUG\LIBCGG\GRAPHICS.OBJ
H:\CGG(1)\CGG\OBJ\WIN64\DEBUG\LIBCGG\TRANSFORMS.OBJ
H:\CGG(1)\CGG\OBJ\WIN64\DEBUG\LIBCGG\VC100.PDB
H:\CGG(1)\CGG\OBJ\WIN64\DEBUG\LIBCGG\WINDOW.OBJ
