E:\Computer Graphics for Games\CGG(1)\CGG\\bin\win64\Debug\Ex06_lighting.exe
E:\Computer Graphics for Games\CGG(1)\CGG\\bin\win64\Debug\Ex06_lighting.ilk
E:\Computer Graphics for Games\CGG(1)\CGG\\bin\win64\Debug\Ex06_lighting.pdb
E:\COMPUTER GRAPHICS FOR GAMES\CGG(1)\CGG\BIN\WIN64\DEBUG\EX06_LIGHTING.EXE
E:\COMPUTER GRAPHICS FOR GAMES\CGG(1)\CGG\BIN\WIN64\DEBUG\EX06_LIGHTING.ILK
E:\COMPUTER GRAPHICS FOR GAMES\CGG(1)\CGG\BIN\WIN64\DEBUG\EX06_LIGHTING.PDB
E:\Computer Graphics for Games\CGG(1)\CGG\obj\win64\Debug\Ex06_lighting\cl.command.1.tlog
E:\Computer Graphics for Games\CGG(1)\CGG\obj\win64\Debug\Ex06_lighting\CL.read.1.tlog
E:\Computer Graphics for Games\CGG(1)\CGG\obj\win64\Debug\Ex06_lighting\CL.write.1.tlog
E:\COMPUTER GRAPHICS FOR GAMES\CGG(1)\CGG\OBJ\WIN64\DEBUG\EX06_LIGHTING\EX06_LIGHTING.EXE.INTERMEDIATE.MANIFEST
E:\Computer Graphics for Games\CGG(1)\CGG\obj\win64\Debug\Ex06_lighting\link.command.1.tlog
E:\Computer Graphics for Games\CGG(1)\CGG\obj\win64\Debug\Ex06_lighting\link.read.1.tlog
E:\Computer Graphics for Games\CGG(1)\CGG\obj\win64\Debug\Ex06_lighting\link.write.1.tlog
E:\COMPUTER GRAPHICS FOR GAMES\CGG(1)\CGG\OBJ\WIN64\DEBUG\EX06_LIGHTING\MAIN.OBJ
E:\Computer Graphics for Games\CGG(1)\CGG\obj\win64\Debug\Ex06_lighting\mt.command.1.tlog
E:\Computer Graphics for Games\CGG(1)\CGG\obj\win64\Debug\Ex06_lighting\mt.read.1.tlog
E:\Computer Graphics for Games\CGG(1)\CGG\obj\win64\Debug\Ex06_lighting\mt.write.1.tlog
E:\COMPUTER GRAPHICS FOR GAMES\CGG(1)\CGG\OBJ\WIN64\DEBUG\EX06_LIGHTING\VC100.PDB
H:\CGG(1)\CGG\BIN\WIN64\DEBUG\EX06_LIGHTING.EXE
H:\CGG(1)\CGG\BIN\WIN64\DEBUG\EX06_LIGHTING.ILK
H:\CGG(1)\CGG\BIN\WIN64\DEBUG\EX06_LIGHTING.PDB
H:\CGG(1)\CGG\OBJ\WIN64\DEBUG\EX06_LIGHTING\EX06_LIGHTING.EXE.INTERMEDIATE.MANIFEST
H:\CGG(1)\CGG\OBJ\WIN64\DEBUG\EX06_LIGHTING\MAIN.OBJ
H:\CGG(1)\CGG\OBJ\WIN64\DEBUG\EX06_LIGHTING\VC100.PDB
