E:\Computer Graphics for Games\CGG(1)\CGG\\bin\win64\Debug\Ex03_drawing2D.exe
E:\Computer Graphics for Games\CGG(1)\CGG\\bin\win64\Debug\Ex03_drawing2D.ilk
E:\Computer Graphics for Games\CGG(1)\CGG\\bin\win64\Debug\Ex03_drawing2D.pdb
E:\COMPUTER GRAPHICS FOR GAMES\CGG(1)\CGG\BIN\WIN64\DEBUG\EX03_DRAWING2D.EXE
E:\COMPUTER GRAPHICS FOR GAMES\CGG(1)\CGG\BIN\WIN64\DEBUG\EX03_DRAWING2D.ILK
E:\COMPUTER GRAPHICS FOR GAMES\CGG(1)\CGG\BIN\WIN64\DEBUG\EX03_DRAWING2D.PDB
E:\Computer Graphics for Games\CGG(1)\CGG\obj\win64\Debug\Ex03_drawing2D\cl.command.1.tlog
E:\Computer Graphics for Games\CGG(1)\CGG\obj\win64\Debug\Ex03_drawing2D\CL.read.1.tlog
E:\Computer Graphics for Games\CGG(1)\CGG\obj\win64\Debug\Ex03_drawing2D\CL.write.1.tlog
E:\COMPUTER GRAPHICS FOR GAMES\CGG(1)\CGG\OBJ\WIN64\DEBUG\EX03_DRAWING2D\EX03_DRAWING2D.EXE.INTERMEDIATE.MANIFEST
E:\Computer Graphics for Games\CGG(1)\CGG\obj\win64\Debug\Ex03_drawing2D\link.command.1.tlog
E:\Computer Graphics for Games\CGG(1)\CGG\obj\win64\Debug\Ex03_drawing2D\link.read.1.tlog
E:\Computer Graphics for Games\CGG(1)\CGG\obj\win64\Debug\Ex03_drawing2D\link.write.1.tlog
E:\COMPUTER GRAPHICS FOR GAMES\CGG(1)\CGG\OBJ\WIN64\DEBUG\EX03_DRAWING2D\MAIN.OBJ
E:\Computer Graphics for Games\CGG(1)\CGG\obj\win64\Debug\Ex03_drawing2D\mt.command.1.tlog
E:\Computer Graphics for Games\CGG(1)\CGG\obj\win64\Debug\Ex03_drawing2D\mt.read.1.tlog
E:\Computer Graphics for Games\CGG(1)\CGG\obj\win64\Debug\Ex03_drawing2D\mt.write.1.tlog
E:\COMPUTER GRAPHICS FOR GAMES\CGG(1)\CGG\OBJ\WIN64\DEBUG\EX03_DRAWING2D\VC100.PDB
H:\CGG(1)\CGG\BIN\WIN64\DEBUG\EX03_DRAWING2D.EXE
H:\CGG(1)\CGG\BIN\WIN64\DEBUG\EX03_DRAWING2D.ILK
H:\CGG(1)\CGG\BIN\WIN64\DEBUG\EX03_DRAWING2D.PDB
H:\CGG(1)\CGG\OBJ\WIN64\DEBUG\EX03_DRAWING2D\EX03_DRAWING2D.EXE.INTERMEDIATE.MANIFEST
H:\CGG(1)\CGG\OBJ\WIN64\DEBUG\EX03_DRAWING2D\MAIN.OBJ
H:\CGG(1)\CGG\OBJ\WIN64\DEBUG\EX03_DRAWING2D\VC100.PDB
