E:\Computer Graphics for Games\CGG(1)\CGG\\bin\win64\Debug\Ex01_mouse_input.exe
E:\Computer Graphics for Games\CGG(1)\CGG\\bin\win64\Debug\Ex01_mouse_input.ilk
E:\Computer Graphics for Games\CGG(1)\CGG\\bin\win64\Debug\Ex01_mouse_input.pdb
E:\COMPUTER GRAPHICS FOR GAMES\CGG(1)\CGG\BIN\WIN64\DEBUG\EX01_MOUSE_INPUT.EXE
E:\COMPUTER GRAPHICS FOR GAMES\CGG(1)\CGG\BIN\WIN64\DEBUG\EX01_MOUSE_INPUT.ILK
E:\COMPUTER GRAPHICS FOR GAMES\CGG(1)\CGG\BIN\WIN64\DEBUG\EX01_MOUSE_INPUT.PDB
E:\Computer Graphics for Games\CGG(1)\CGG\obj\win64\Debug\Ex01_mouse_input\cl.command.1.tlog
E:\Computer Graphics for Games\CGG(1)\CGG\obj\win64\Debug\Ex01_mouse_input\CL.read.1.tlog
E:\Computer Graphics for Games\CGG(1)\CGG\obj\win64\Debug\Ex01_mouse_input\CL.write.1.tlog
E:\COMPUTER GRAPHICS FOR GAMES\CGG(1)\CGG\OBJ\WIN64\DEBUG\EX01_MOUSE_INPUT\EX01_MOUSE_INPUT.EXE.INTERMEDIATE.MANIFEST
E:\Computer Graphics for Games\CGG(1)\CGG\obj\win64\Debug\Ex01_mouse_input\link.command.1.tlog
E:\Computer Graphics for Games\CGG(1)\CGG\obj\win64\Debug\Ex01_mouse_input\link.read.1.tlog
E:\Computer Graphics for Games\CGG(1)\CGG\obj\win64\Debug\Ex01_mouse_input\link.write.1.tlog
E:\COMPUTER GRAPHICS FOR GAMES\CGG(1)\CGG\OBJ\WIN64\DEBUG\EX01_MOUSE_INPUT\MAIN.OBJ
E:\Computer Graphics for Games\CGG(1)\CGG\obj\win64\Debug\Ex01_mouse_input\mt.command.1.tlog
E:\Computer Graphics for Games\CGG(1)\CGG\obj\win64\Debug\Ex01_mouse_input\mt.read.1.tlog
E:\Computer Graphics for Games\CGG(1)\CGG\obj\win64\Debug\Ex01_mouse_input\mt.write.1.tlog
E:\COMPUTER GRAPHICS FOR GAMES\CGG(1)\CGG\OBJ\WIN64\DEBUG\EX01_MOUSE_INPUT\VC100.PDB
H:\CGG(1)\CGG\BIN\WIN64\DEBUG\EX01_MOUSE_INPUT.EXE
H:\CGG(1)\CGG\BIN\WIN64\DEBUG\EX01_MOUSE_INPUT.ILK
H:\CGG(1)\CGG\BIN\WIN64\DEBUG\EX01_MOUSE_INPUT.PDB
H:\CGG(1)\CGG\OBJ\WIN64\DEBUG\EX01_MOUSE_INPUT\EX01_MOUSE_INPUT.EXE.INTERMEDIATE.MANIFEST
H:\CGG(1)\CGG\OBJ\WIN64\DEBUG\EX01_MOUSE_INPUT\MAIN.OBJ
H:\CGG(1)\CGG\OBJ\WIN64\DEBUG\EX01_MOUSE_INPUT\VC100.PDB
